<?xml version="1.0" encoding="utf-8"?><testsuites><testsuite name="pytest" errors="0" failures="0" skipped="0" tests="5" time="0.174" timestamp="2023-05-26T17:30:09.394218" hostname="DESKTOP-C5E0B6S"><testcase classname="tests.test_bytebank.TestClass" name="test_quando_idade_recebe_11_01_2000_deve_retornar_23" time="0.003" /><testcase classname="tests.test_bytebank.TestClass" name="test_quando_sobrenome_recebe_Natanael_Barbosa_deve_retornar_Barbosa" time="0.001" /><testcase classname="tests.test_bytebank.TestClass" name="test_quando_drecescimo_salario_recebe_100000_deve_retornar_90000" time="0.001" /><testcase classname="tests.test_bytebank.TestClass" name="test_quando_calcular_bonus_recebe_1000_deve_retornar_100" time="0.001" /><testcase classname="tests.test_bytebank.TestClass" name="test_quando_calcular_bonus_recebe_10000000_deve_retornar_exception" time="0.002" /></testsuite></testsuites>